19:27:26.847 [main                     ] DEBUG GameApplication      - Logger initialized
19:27:26.849 [main                     ] DEBUG GameApplication      - Logging settings
Title: Pixies
Version: 0-alpha
Width: 800
Height: 800
Fullscreen: false
Intro: false
Menus: false
Profiling: false
Single step:false
App Mode: DEVELOPER
Menu Key: ESCAPE
Stage Style: DECORATED
Scene Factory: class com.almasb.fxgl.app.scene.SceneFactory

19:27:27.186 [JavaFX Application Thread] DEBUG GameApplication      - Initializing FXGL
19:27:27.190 [JavaFX Application Thread] INFO  Engine               - FXGL-11.8 (08.03.2020 09.09) on WINDOWS (J:23.0.1 FX:23.0.1)
19:27:27.190 [JavaFX Application Thread] INFO  Engine               - Source code and latest versions at: https://github.com/AlmasB/FXGL
19:27:27.190 [JavaFX Application Thread] INFO  Engine               -              Join the FXGL chat at: https://gitter.im/AlmasB/FXGL
19:27:27.268 [JavaFX Application Thread] DEBUG MainWindow           - Creating a JavaFX scene
19:27:27.307 [JavaFX Application Thread] DEBUG MainWindow           - Target settings size: 800.0 x 800.0
19:27:27.307 [JavaFX Application Thread] DEBUG MainWindow           - Scaled scene size:    800.0 x 800.0
19:27:27.307 [JavaFX Application Thread] DEBUG MainWindow           - Scaled ratio: (1.0, 1.0)
19:27:27.308 [JavaFX Application Thread] DEBUG MainWindow           - Set initial scene to FXGLStartupScene
19:27:27.310 [JavaFX Application Thread] DEBUG MainWindow           - Opening main window
19:27:27.580 [JavaFX Application Thread] DEBUG MainWindow           - Window border size: (16.0, 39.0)
19:27:27.580 [JavaFX Application Thread] DEBUG MainWindow           - Scaled size: 800.0 x 800.0
19:27:27.580 [JavaFX Application Thread] DEBUG MainWindow           - Scaled ratio: (1.0, 1.0)
19:27:27.580 [JavaFX Application Thread] DEBUG MainWindow           - Scene size: 800.0 x 800.0
19:27:27.580 [JavaFX Application Thread] DEBUG MainWindow           - Stage size: 816.0 x 839.0
19:27:27.587 [FXGL Background Thread 1 ] DEBUG Engine               - Initializing environment variables
19:27:27.646 [FXGL Background Thread 1 ] DEBUG WindowService        - Applying CSS: fxgl_dark.css
19:27:27.647 [FXGL Background Thread 1 ] DEBUG AssetLoaderService   - Loading from file system: /assets/ui/css/fxgl_dark.css
19:27:27.679 [FXGL Background Thread 1 ] DEBUG WindowService        - Initializing application scenes
19:27:27.730 [FXGL Background Thread 1 ] DEBUG GameWorld            - Game world initialized
19:27:27.782 [FXGL Background Thread 1 ] DEBUG PhysicsWorld         - Physics world initialized: appHeight=800, physics.ppm=50.0
19:27:27.784 [FXGL Background Thread 1 ] DEBUG GameScene            - Game scene initialized: 800x800
19:27:27.788 [FXGL Background Thread 1 ] DEBUG Input                - Registered new binding: Resume - Esc
19:27:27.793 [FXGL Background Thread 1 ] DEBUG AssetLoaderService   - Loading from file system: /assets/textures/pause_menu_bg.png
19:27:27.827 [FXGL Background Thread 1 ] DEBUG Input                - Registered new binding: Pause - Esc
19:27:27.827 [FXGL Background Thread 1 ] DEBUG WindowService        - Application scenes initialized
19:27:27.834 [FXGL Background Thread 1 ] DEBUG SystemBundleService  - Loading FXGL system data
19:27:27.836 [FXGL Background Thread 1 ] DEBUG FileSystemAccess     - Reading from: C:\Users\kuror\Desktop\Pixies\system\fxgl.bundle
19:27:27.841 [FXGL Background Thread 1 ] DEBUG SystemBundleService  - Bundle FXGL: {}
19:27:27.841 [FXGL Background Thread 1 ] INFO  Engine               - FXGL initialization took: 0.244 sec
19:27:27.843 [FXGL Background Thread 1 ] DEBUG GameApplication      - Loading localizations
19:27:27.843 [FXGL Background Thread 1 ] DEBUG AssetLoaderService   - Loading from file system: /assets/properties/languages/english.properties
19:27:27.844 [FXGL Background Thread 1 ] DEBUG AssetLoaderService   - Loading from file system: /assets/properties/languages/french.properties
19:27:27.844 [FXGL Background Thread 1 ] DEBUG AssetLoaderService   - Loading from file system: /assets/properties/languages/german.properties
19:27:27.845 [FXGL Background Thread 1 ] DEBUG AssetLoaderService   - Loading from file system: /assets/properties/languages/hungarian.properties
19:27:27.846 [FXGL Background Thread 1 ] DEBUG AssetLoaderService   - Loading from file system: /assets/properties/languages/russian.properties
19:27:27.846 [FXGL Background Thread 1 ] DEBUG GameApplication      - Registering font factories with UI factory
19:27:27.847 [FXGL Background Thread 1 ] DEBUG AssetLoaderService   - Loading from file system: /assets/ui/fonts/VarelaRound-Regular.ttf
19:27:27.874 [FXGL Background Thread 1 ] DEBUG AssetLoaderService   - Loading from file system: /assets/ui/fonts/Abel-Regular.ttf
19:27:27.884 [FXGL Background Thread 1 ] DEBUG AssetLoaderService   - Loading from file system: /assets/ui/fonts/lucida_console.ttf
19:27:27.894 [FXGL Background Thread 1 ] DEBUG AssetLoaderService   - Loading from file system: /assets/ui/fonts/Courier-Prime.ttf
19:27:27.902 [JavaFX Application Thread] DEBUG AssetLoaderService   - Loading from file system: /assets/textures/fxgl_icon.png
19:27:27.917 [JavaFX Application Thread] DEBUG AssetLoaderService   - Loading from file system: /assets/ui/cursors/fxgl_default.png
19:27:27.923 [JavaFX Application Thread] DEBUG Input                - Registered new binding: Screenshot - P
19:27:27.923 [JavaFX Application Thread] DEBUG Input                - Registered new binding: System info dump - CTRL+9
19:27:27.924 [JavaFX Application Thread] DEBUG Input                - Registered new binding: Restart - CTRL+R
19:27:27.926 [JavaFX Application Thread] DEBUG LoopRunner           - Starting loop
19:27:27.949 [JavaFX Application Thread] DEBUG FXGLStartupScene     - STARTUP
19:27:27.949 [JavaFX Application Thread] DEBUG WindowService        - Starting new game
19:27:27.952 [JavaFX Application Thread] DEBUG Input                - Clearing active input actions
19:27:27.962 [JavaFX Application Thread] DEBUG WindowService        - Removing overlay from FXGLStartupScene and adding to FXGLLoadingScene
19:27:27.963 [JavaFX Application Thread] DEBUG MainWindow           - FXGLStartupScene -> FXGLLoadingScene
19:27:27.963 [JavaFX Application Thread] DEBUG WindowService        - Clearing previous game
19:27:27.963 [JavaFX Application Thread] DEBUG GameScene            - Clearing game scene
19:27:27.963 [JavaFX Application Thread] DEBUG GameWorld            - Clearing game world
19:27:27.963 [JavaFX Application Thread] DEBUG PhysicsWorld         - Clearing physics world
19:27:27.964 [FXGL Background Thread 1 ] DEBUG GameApplication      - Initializing game
19:27:27.981 [FXGL Background Thread 1 ] INFO  GameApplication      - Game initialization took: 0.017 sec
19:27:27.995 [JavaFX Application Thread] DEBUG Input                - Clearing active input actions
19:27:28.000 [JavaFX Application Thread] DEBUG WindowService        - Removing overlay from FXGLLoadingScene and adding to GameScene
19:27:28.000 [JavaFX Application Thread] DEBUG MainWindow           - FXGLLoadingScene -> GameScene
19:27:30.142 [JavaFX Application Thread] DEBUG GameApplication      - Exiting FXGL
19:27:30.142 [JavaFX Application Thread] DEBUG LoopRunner           - Stopping loop
19:27:30.143 [JavaFX Application Thread] DEBUG SystemBundleService  - Saving FXGL system data
19:27:30.144 [JavaFX Application Thread] DEBUG FileSystemAccess     - Writing to: C:\Users\kuror\Desktop\Pixies\system\fxgl.bundle
19:27:30.146 [JavaFX Application Thread] DEBUG GameApplication      - Shutting down background threads
19:27:30.146 [JavaFX Application Thread] DEBUG GameApplication      - Closing logger and exiting JavaFX
