22:47:16.282 [main                     ] DEBUG GameApplication      - Logger initialized
22:47:16.284 [main                     ] DEBUG GameApplication      - Logging settings
Title: Pixies
Version: 0-alpha
Width: 800
Height: 800
Fullscreen: false
Intro: false
Menus: false
Profiling: false
Single step:false
App Mode: DEVELOPER
Menu Key: ESCAPE
Stage Style: DECORATED
Scene Factory: class com.almasb.fxgl.app.scene.SceneFactory

22:47:16.691 [JavaFX Application Thread] DEBUG GameApplication      - Initializing FXGL
22:47:16.696 [JavaFX Application Thread] INFO  Engine               - FXGL-11.8 (08.03.2020 09.09) on WINDOWS (J:23.0.1 FX:23.0.1)
22:47:16.696 [JavaFX Application Thread] INFO  Engine               - Source code and latest versions at: https://github.com/AlmasB/FXGL
22:47:16.696 [JavaFX Application Thread] INFO  Engine               -              Join the FXGL chat at: https://gitter.im/AlmasB/FXGL
22:47:16.777 [JavaFX Application Thread] DEBUG MainWindow           - Creating a JavaFX scene
22:47:16.836 [JavaFX Application Thread] DEBUG MainWindow           - Target settings size: 800.0 x 800.0
22:47:16.836 [JavaFX Application Thread] DEBUG MainWindow           - Scaled scene size:    800.0 x 800.0
22:47:16.836 [JavaFX Application Thread] DEBUG MainWindow           - Scaled ratio: (1.0, 1.0)
22:47:16.838 [JavaFX Application Thread] DEBUG MainWindow           - Set initial scene to FXGLStartupScene
22:47:16.839 [JavaFX Application Thread] DEBUG MainWindow           - Opening main window
22:47:17.147 [JavaFX Application Thread] DEBUG MainWindow           - Window border size: (16.0, 39.0)
22:47:17.147 [JavaFX Application Thread] DEBUG MainWindow           - Scaled size: 800.0 x 800.0
22:47:17.147 [JavaFX Application Thread] DEBUG MainWindow           - Scaled ratio: (1.0, 1.0)
22:47:17.147 [JavaFX Application Thread] DEBUG MainWindow           - Scene size: 800.0 x 800.0
22:47:17.147 [JavaFX Application Thread] DEBUG MainWindow           - Stage size: 816.0 x 839.0
22:47:17.154 [FXGL Background Thread 1 ] DEBUG Engine               - Initializing environment variables
22:47:17.222 [FXGL Background Thread 1 ] DEBUG WindowService        - Applying CSS: fxgl_dark.css
22:47:17.222 [FXGL Background Thread 1 ] DEBUG AssetLoaderService   - Loading from file system: /assets/ui/css/fxgl_dark.css
22:47:17.265 [FXGL Background Thread 1 ] DEBUG WindowService        - Initializing application scenes
22:47:17.316 [FXGL Background Thread 1 ] DEBUG GameWorld            - Game world initialized
22:47:17.373 [FXGL Background Thread 1 ] DEBUG PhysicsWorld         - Physics world initialized: appHeight=800, physics.ppm=50.0
22:47:17.375 [FXGL Background Thread 1 ] DEBUG GameScene            - Game scene initialized: 800x800
22:47:17.380 [FXGL Background Thread 1 ] DEBUG Input                - Registered new binding: Resume - Esc
22:47:17.383 [FXGL Background Thread 1 ] DEBUG AssetLoaderService   - Loading from file system: /assets/textures/pause_menu_bg.png
22:47:17.414 [FXGL Background Thread 1 ] DEBUG Input                - Registered new binding: Pause - Esc
22:47:17.414 [FXGL Background Thread 1 ] DEBUG WindowService        - Application scenes initialized
22:47:17.422 [FXGL Background Thread 1 ] DEBUG SystemBundleService  - Loading FXGL system data
22:47:17.426 [FXGL Background Thread 1 ] DEBUG FileSystemAccess     - Reading from: C:\Users\kuror\Desktop\Pixies\system\fxgl.bundle
22:47:17.431 [FXGL Background Thread 1 ] DEBUG SystemBundleService  - Bundle FXGL: {}
22:47:17.431 [FXGL Background Thread 1 ] INFO  Engine               - FXGL initialization took: 0.269 sec
22:47:17.432 [FXGL Background Thread 1 ] DEBUG GameApplication      - Loading localizations
22:47:17.432 [FXGL Background Thread 1 ] DEBUG AssetLoaderService   - Loading from file system: /assets/properties/languages/english.properties
22:47:17.433 [FXGL Background Thread 1 ] DEBUG AssetLoaderService   - Loading from file system: /assets/properties/languages/french.properties
22:47:17.433 [FXGL Background Thread 1 ] DEBUG AssetLoaderService   - Loading from file system: /assets/properties/languages/german.properties
22:47:17.434 [FXGL Background Thread 1 ] DEBUG AssetLoaderService   - Loading from file system: /assets/properties/languages/hungarian.properties
22:47:17.435 [FXGL Background Thread 1 ] DEBUG AssetLoaderService   - Loading from file system: /assets/properties/languages/russian.properties
22:47:17.435 [FXGL Background Thread 1 ] DEBUG GameApplication      - Registering font factories with UI factory
22:47:17.435 [FXGL Background Thread 1 ] DEBUG AssetLoaderService   - Loading from file system: /assets/ui/fonts/VarelaRound-Regular.ttf
22:47:17.465 [FXGL Background Thread 1 ] DEBUG AssetLoaderService   - Loading from file system: /assets/ui/fonts/Abel-Regular.ttf
22:47:17.472 [FXGL Background Thread 1 ] DEBUG AssetLoaderService   - Loading from file system: /assets/ui/fonts/lucida_console.ttf
22:47:17.479 [FXGL Background Thread 1 ] DEBUG AssetLoaderService   - Loading from file system: /assets/ui/fonts/Courier-Prime.ttf
22:47:17.490 [JavaFX Application Thread] DEBUG AssetLoaderService   - Loading from file system: /assets/textures/fxgl_icon.png
22:47:17.506 [JavaFX Application Thread] DEBUG AssetLoaderService   - Loading from file system: /assets/ui/cursors/fxgl_default.png
22:47:17.510 [JavaFX Application Thread] DEBUG Input                - Registered new binding: Screenshot - P
22:47:17.511 [JavaFX Application Thread] DEBUG Input                - Registered new binding: System info dump - CTRL+9
22:47:17.512 [JavaFX Application Thread] DEBUG Input                - Registered new binding: Restart - CTRL+R
22:47:17.513 [JavaFX Application Thread] DEBUG LoopRunner           - Starting loop
22:47:17.534 [JavaFX Application Thread] DEBUG FXGLStartupScene     - STARTUP
22:47:17.534 [JavaFX Application Thread] DEBUG WindowService        - Starting new game
22:47:17.536 [JavaFX Application Thread] DEBUG Input                - Clearing active input actions
22:47:17.545 [JavaFX Application Thread] DEBUG WindowService        - Removing overlay from FXGLStartupScene and adding to FXGLLoadingScene
22:47:17.545 [JavaFX Application Thread] DEBUG MainWindow           - FXGLStartupScene -> FXGLLoadingScene
22:47:17.545 [JavaFX Application Thread] DEBUG WindowService        - Clearing previous game
22:47:17.545 [JavaFX Application Thread] DEBUG GameScene            - Clearing game scene
22:47:17.545 [JavaFX Application Thread] DEBUG GameWorld            - Clearing game world
22:47:17.546 [JavaFX Application Thread] DEBUG PhysicsWorld         - Clearing physics world
22:47:17.546 [FXGL Background Thread 1 ] DEBUG GameApplication      - Initializing game
22:47:17.600 [FXGL Background Thread 1 ] INFO  GameApplication      - Game initialization took: 0.054 sec
22:47:17.626 [JavaFX Application Thread] DEBUG Input                - Clearing active input actions
22:47:17.639 [JavaFX Application Thread] DEBUG WindowService        - Removing overlay from FXGLLoadingScene and adding to GameScene
22:47:17.639 [JavaFX Application Thread] DEBUG MainWindow           - FXGLLoadingScene -> GameScene
22:47:20.433 [FXGL Background Thread 2 ] DEBUG Engine               - Logging environment variables
22:47:20.433 [FXGL Background Thread 2 ] DEBUG Engine               - achievements: []
22:47:20.433 [FXGL Background Thread 2 ] DEBUG Engine               - isCloseConfirmation: false
22:47:20.433 [FXGL Background Thread 2 ] DEBUG Engine               - language: ObjectProperty [value: ENGLISH]
22:47:20.433 [FXGL Background Thread 2 ] DEBUG Engine               - isProfilingEnabled: false
22:47:20.433 [FXGL Background Thread 2 ] DEBUG Engine               - soundNotification: core/notification.wav
22:47:20.433 [FXGL Background Thread 2 ] DEBUG Engine               - devShowBBoxProperty: BooleanProperty [value: false]
22:47:20.433 [FXGL Background Thread 2 ] DEBUG Engine               - pixelsPerMeter: 50.0
22:47:20.433 [FXGL Background Thread 2 ] DEBUG Engine               - soundMenuBack: menu/back.wav
22:47:20.433 [FXGL Background Thread 2 ] DEBUG Engine               - appIcon: fxgl_icon.png
22:47:20.433 [FXGL Background Thread 2 ] DEBUG Engine               - isFullScreenAllowed: false
22:47:20.433 [FXGL Background Thread 2 ] DEBUG Engine               - isIntroEnabled: false
22:47:20.433 [FXGL Background Thread 2 ] DEBUG Engine               - fontMono: lucida_console.ttf
22:47:20.433 [FXGL Background Thread 2 ] DEBUG Engine               - soundMenuSelect: menu/select.wav
22:47:20.433 [FXGL Background Thread 2 ] DEBUG Engine               - isWindows: true
22:47:20.433 [FXGL Background Thread 2 ] DEBUG Engine               - isUserProfileEnabled: false
22:47:20.433 [FXGL Background Thread 2 ] DEBUG Engine               - isMobile: false
22:47:20.433 [FXGL Background Thread 2 ] DEBUG Engine               - height: 800
22:47:20.433 [FXGL Background Thread 2 ] DEBUG Engine               - isExperimentalNative: false
22:47:20.433 [FXGL Background Thread 2 ] DEBUG Engine               - settings: Title: Pixies
Version: 0-alpha
Width: 800
Height: 800
Fullscreen: false
Intro: false
Menus: false
Profiling: false
Single step:false
App Mode: DEVELOPER
Menu Key: ESCAPE
Stage Style: DECORATED
Scene Factory: class com.almasb.fxgl.app.scene.SceneFactory

22:47:20.433 [FXGL Background Thread 2 ] DEBUG Engine               - isSingleStep: false
22:47:20.433 [FXGL Background Thread 2 ] DEBUG Engine               - cSSList: [fxgl_dark.css]
22:47:20.433 [FXGL Background Thread 2 ] DEBUG Engine               - fontGame: Abel-Regular.ttf
22:47:20.433 [FXGL Background Thread 2 ] DEBUG Engine               - menuKey: ESCAPE
22:47:20.433 [FXGL Background Thread 2 ] DEBUG Engine               - devShowPositionProperty: BooleanProperty [value: false]
22:47:20.434 [FXGL Background Thread 2 ] DEBUG Engine               - versionCheckDays: 7
22:47:20.434 [FXGL Background Thread 2 ] DEBUG Engine               - configClass: Optional.empty
22:47:20.434 [FXGL Background Thread 2 ] DEBUG Engine               - isFullScreenFromStart: false
22:47:20.434 [FXGL Background Thread 2 ] DEBUG Engine               - version: 0-alpha
22:47:20.434 [FXGL Background Thread 2 ] DEBUG Engine               - fullScreen: BooleanProperty [value: false]
22:47:20.434 [FXGL Background Thread 2 ] DEBUG Engine               - randomSeed: -1
22:47:20.434 [FXGL Background Thread 2 ] DEBUG Engine               - gameDifficultyProperty: ObjectProperty [value: MEDIUM]
22:47:20.434 [FXGL Background Thread 2 ] DEBUG Engine               - applicationMode: DEVELOPER
22:47:20.434 [FXGL Background Thread 2 ] DEBUG Engine               - isMac: false
22:47:20.434 [FXGL Background Thread 2 ] DEBUG Engine               - isMenuEnabled: false
22:47:20.434 [FXGL Background Thread 2 ] DEBUG Engine               - profileName: StringProperty [value: DEFAULT]
22:47:20.434 [FXGL Background Thread 2 ] DEBUG Engine               - urlPOM: https://raw.githubusercontent.com/AlmasB/FXGL/master/pom.xml
22:47:20.434 [FXGL Background Thread 2 ] DEBUG Engine               - notificationViewClass: class com.almasb.fxgl.notification.view.XboxNotificationView
22:47:20.434 [FXGL Background Thread 2 ] DEBUG Engine               - devSensorColorProperty: ObjectProperty [value: 0xffff00ff]
22:47:20.434 [FXGL Background Thread 2 ] DEBUG Engine               - sceneFactory: com.almasb.fxgl.app.scene.SceneFactory@2f22d0a9
22:47:20.434 [FXGL Background Thread 2 ] DEBUG Engine               - stageStyle: DECORATED
22:47:20.434 [FXGL Background Thread 2 ] DEBUG Engine               - isManualResizeEnabled: false
22:47:20.434 [FXGL Background Thread 2 ] DEBUG Engine               - title: Pixies
22:47:20.434 [FXGL Background Thread 2 ] DEBUG Engine               - platform: WINDOWS
22:47:20.434 [FXGL Background Thread 2 ] DEBUG Engine               - devBBoxColorProperty: ObjectProperty [value: 0xff0000ff]
22:47:20.434 [FXGL Background Thread 2 ] DEBUG Engine               - gameDifficulty: MEDIUM
22:47:20.434 [FXGL Background Thread 2 ] DEBUG Engine               - isDesktop: true
22:47:20.434 [FXGL Background Thread 2 ] DEBUG Engine               - supportedLanguages: [ENGLISH, FRENCH, GERMAN, HUNGARIAN, RUSSIAN]
22:47:20.434 [FXGL Background Thread 2 ] DEBUG Engine               - credits: []
22:47:20.434 [FXGL Background Thread 2 ] DEBUG Engine               - globalMusicVolumeProperty: DoubleProperty [value: 0.5]
22:47:20.434 [FXGL Background Thread 2 ] DEBUG Engine               - isPreserveResizeRatio: false
22:47:20.434 [FXGL Background Thread 2 ] DEBUG Engine               - fontText: Courier-Prime.ttf
22:47:20.434 [FXGL Background Thread 2 ] DEBUG Engine               - isExperimentalTiledLargeMap: false
22:47:20.434 [FXGL Background Thread 2 ] DEBUG Engine               - secondsIn24h: 60
22:47:20.434 [FXGL Background Thread 2 ] DEBUG Engine               - runtimeInfo: RuntimeInfo(platform=WINDOWS, version=11.8, build=08.03.2020 09.09)
22:47:20.434 [FXGL Background Thread 2 ] DEBUG Engine               - soundMenuPress: menu/press.wav
22:47:20.434 [FXGL Background Thread 2 ] DEBUG Engine               - urlGithub: https://github.com/AlmasB/FXGL
22:47:20.434 [FXGL Background Thread 2 ] DEBUG Engine               - isLinux: false
22:47:20.434 [FXGL Background Thread 2 ] DEBUG Engine               - profileDir: profiles/
22:47:20.434 [FXGL Background Thread 2 ] DEBUG Engine               - isDeveloperMenuEnabled: false
22:47:20.434 [FXGL Background Thread 2 ] DEBUG Engine               - globalSoundVolumeProperty: DoubleProperty [value: 0.5]
22:47:20.434 [FXGL Background Thread 2 ] DEBUG Engine               - mainWindow: com.almasb.fxgl.app.MainWindow@21e53b3d
22:47:20.435 [FXGL Background Thread 2 ] DEBUG Engine               - isBrowser: false
22:47:20.435 [FXGL Background Thread 2 ] DEBUG Engine               - urlLeaderboard: http://fxgl-top.herokuapp.com/
22:47:20.435 [FXGL Background Thread 2 ] DEBUG Engine               - globalSoundVolume: 0.5
22:47:20.435 [FXGL Background Thread 2 ] DEBUG Engine               - engineServices: [class com.almasb.fxgl.app.GameApplication$GameApplicationService, class com.almasb.fxgl.app.services.WindowService, class com.almasb.fxgl.app.services.FXGLDialogService, class com.almasb.fxgl.app.services.IOTaskExecutorService, class com.almasb.fxgl.event.EventBusService, class com.almasb.fxgl.io.FileSystemService, class com.almasb.fxgl.localization.LocalizationService, class com.almasb.fxgl.app.services.AssetLoaderService, class com.almasb.fxgl.app.services.SystemBundleService, class com.almasb.fxgl.profile.SaveLoadService, class com.almasb.fxgl.ui.FXGLUIFactoryServiceProvider, class com.almasb.fxgl.ui.FXGLDialogFactoryServiceProvider, class com.almasb.fxgl.audio.AudioPlayer, class com.almasb.fxgl.notification.impl.NotificationServiceProvider, class com.almasb.fxgl.achievement.AchievementService, class com.almasb.fxgl.cutscene.CutsceneService, class com.almasb.fxgl.minigames.MiniGameService, class com.almasb.fxgl.net.NetService, class com.almasb.fxgl.app.services.UpdaterService]
22:47:20.435 [FXGL Background Thread 2 ] DEBUG Engine               - globalMusicVolume: 0.5
22:47:20.435 [FXGL Background Thread 2 ] DEBUG Engine               - width: 800
22:47:20.435 [FXGL Background Thread 2 ] DEBUG Engine               - saveFileExt: sav
22:47:20.435 [FXGL Background Thread 2 ] DEBUG Engine               - isAndroid: false
22:47:20.435 [FXGL Background Thread 2 ] DEBUG Engine               - fontUI: VarelaRound-Regular.ttf
22:47:20.435 [FXGL Background Thread 2 ] DEBUG Engine               - enabledMenuItems: []
22:47:20.435 [FXGL Background Thread 2 ] DEBUG Engine               - isIOS: false
22:47:20.435 [FXGL Background Thread 2 ] DEBUG Engine               - Logging services
22:47:20.435 [FXGL Background Thread 2 ] DEBUG Engine               - class com.almasb.fxgl.app.GameApplication$GameApplicationService
22:47:20.435 [FXGL Background Thread 2 ] DEBUG Engine               - class com.almasb.fxgl.app.services.WindowService
22:47:20.435 [FXGL Background Thread 2 ] DEBUG Engine               - class com.almasb.fxgl.app.services.FXGLDialogService
22:47:20.435 [FXGL Background Thread 2 ] DEBUG Engine               - class com.almasb.fxgl.app.services.IOTaskExecutorService
22:47:20.435 [FXGL Background Thread 2 ] DEBUG Engine               - class com.almasb.fxgl.event.EventBusService
22:47:20.435 [FXGL Background Thread 2 ] DEBUG Engine               - class com.almasb.fxgl.io.FileSystemService
22:47:20.435 [FXGL Background Thread 2 ] DEBUG Engine               - class com.almasb.fxgl.localization.LocalizationService
22:47:20.435 [FXGL Background Thread 2 ] DEBUG Engine               - class com.almasb.fxgl.app.services.AssetLoaderService
22:47:20.435 [FXGL Background Thread 2 ] DEBUG Engine               - class com.almasb.fxgl.app.services.SystemBundleService
22:47:20.435 [FXGL Background Thread 2 ] DEBUG Engine               - class com.almasb.fxgl.profile.SaveLoadService
22:47:20.435 [FXGL Background Thread 2 ] DEBUG Engine               - class com.almasb.fxgl.ui.FXGLUIFactoryServiceProvider
22:47:20.435 [FXGL Background Thread 2 ] DEBUG Engine               - class com.almasb.fxgl.ui.FXGLDialogFactoryServiceProvider
22:47:20.435 [FXGL Background Thread 2 ] DEBUG Engine               - class com.almasb.fxgl.audio.AudioPlayer
22:47:20.435 [FXGL Background Thread 2 ] DEBUG Engine               - class com.almasb.fxgl.notification.impl.NotificationServiceProvider
22:47:20.435 [FXGL Background Thread 2 ] DEBUG Engine               - class com.almasb.fxgl.achievement.AchievementService
22:47:20.435 [FXGL Background Thread 2 ] DEBUG Engine               - class com.almasb.fxgl.cutscene.CutsceneService
22:47:20.435 [FXGL Background Thread 2 ] DEBUG Engine               - class com.almasb.fxgl.minigames.MiniGameService
22:47:20.435 [FXGL Background Thread 2 ] DEBUG Engine               - class com.almasb.fxgl.net.NetService
22:47:20.435 [FXGL Background Thread 2 ] DEBUG Engine               - class com.almasb.fxgl.app.services.UpdaterService
22:47:21.624 [JavaFX Application Thread] DEBUG GameApplication      - Exiting FXGL
22:47:21.624 [JavaFX Application Thread] DEBUG LoopRunner           - Stopping loop
22:47:21.624 [JavaFX Application Thread] DEBUG SystemBundleService  - Saving FXGL system data
22:47:21.626 [JavaFX Application Thread] DEBUG FileSystemAccess     - Writing to: C:\Users\kuror\Desktop\Pixies\system\fxgl.bundle
22:47:21.627 [JavaFX Application Thread] DEBUG GameApplication      - Shutting down background threads
22:47:21.627 [JavaFX Application Thread] DEBUG GameApplication      - Closing logger and exiting JavaFX
